I, [2019-03-07T14:46:36.853787 #9307]  INFO -- : [c06b82d7-0203-4a65-8f21-ab6c595baca4] Started GET "/" for 127.0.0.1 at 2019-03-07 14:46:36 -0500
F, [2019-03-07T14:46:36.854375 #9307] FATAL -- : [c06b82d7-0203-4a65-8f21-ab6c595baca4]   
F, [2019-03-07T14:46:36.854412 #9307] FATAL -- : [c06b82d7-0203-4a65-8f21-ab6c595baca4] ActionController::RoutingError (No route matches [GET] "/"):
F, [2019-03-07T14:46:36.854436 #9307] FATAL -- : [c06b82d7-0203-4a65-8f21-ab6c595baca4]   
F, [2019-03-07T14:46:36.854483 #9307] FATAL -- : [c06b82d7-0203-4a65-8f21-ab6c595baca4] actionpack (5.2.2) lib/action_dispatch/middleware/debug_exceptions.rb:65:in `call'
[c06b82d7-0203-4a65-8f21-ab6c595baca4] actionpack (5.2.2) lib/action_dispatch/middleware/show_exceptions.rb:33:in `call'
[c06b82d7-0203-4a65-8f21-ab6c595baca4] railties (5.2.2) lib/rails/rack/logger.rb:38:in `call_app'
[c06b82d7-0203-4a65-8f21-ab6c595baca4] railties (5.2.2) lib/rails/rack/logger.rb:26:in `block in call'
[c06b82d7-0203-4a65-8f21-ab6c595baca4] activesupport (5.2.2) lib/active_support/tagged_logging.rb:71:in `block in tagged'
[c06b82d7-0203-4a65-8f21-ab6c595baca4] activesupport (5.2.2) lib/active_support/tagged_logging.rb:28:in `tagged'
[c06b82d7-0203-4a65-8f21-ab6c595baca4] activesupport (5.2.2) lib/active_support/tagged_logging.rb:71:in `tagged'
[c06b82d7-0203-4a65-8f21-ab6c595baca4] railties (5.2.2) lib/rails/rack/logger.rb:26:in `call'
[c06b82d7-0203-4a65-8f21-ab6c595baca4] actionpack (5.2.2) lib/action_dispatch/middleware/remote_ip.rb:81:in `call'
[c06b82d7-0203-4a65-8f21-ab6c595baca4] actionpack (5.2.2) lib/action_dispatch/middleware/request_id.rb:27:in `call'
[c06b82d7-0203-4a65-8f21-ab6c595baca4] rack (2.0.6) lib/rack/method_override.rb:22:in `call'
[c06b82d7-0203-4a65-8f21-ab6c595baca4] rack (2.0.6) lib/rack/runtime.rb:22:in `call'
[c06b82d7-0203-4a65-8f21-ab6c595baca4] activesupport (5.2.2) lib/active_support/cache/strategy/local_cache_middleware.rb:29:in `call'
[c06b82d7-0203-4a65-8f21-ab6c595baca4] actionpack (5.2.2) lib/action_dispatch/middleware/executor.rb:14:in `call'
[c06b82d7-0203-4a65-8f21-ab6c595baca4] rack (2.0.6) lib/rack/sendfile.rb:111:in `call'
[c06b82d7-0203-4a65-8f21-ab6c595baca4] railties (5.2.2) lib/rails/engine.rb:524:in `call'
[c06b82d7-0203-4a65-8f21-ab6c595baca4] puma (3.12.0) lib/puma/configuration.rb:225:in `call'
[c06b82d7-0203-4a65-8f21-ab6c595baca4] puma (3.12.0) lib/puma/server.rb:658:in `handle_request'
[c06b82d7-0203-4a65-8f21-ab6c595baca4] puma (3.12.0) lib/puma/server.rb:472:in `process_client'
[c06b82d7-0203-4a65-8f21-ab6c595baca4] puma (3.12.0) lib/puma/server.rb:332:in `block in run'
[c06b82d7-0203-4a65-8f21-ab6c595baca4] puma (3.12.0) lib/puma/thread_pool.rb:133:in `block in spawn_thread'
I, [2019-03-07T14:46:37.148011 #9307]  INFO -- : [4b6c38ed-c23a-440c-80e7-d32d2ec5b173] Started GET "/favicon.ico" for 127.0.0.1 at 2019-03-07 14:46:37 -0500
F, [2019-03-07T14:46:37.148577 #9307] FATAL -- : [4b6c38ed-c23a-440c-80e7-d32d2ec5b173]   
F, [2019-03-07T14:46:37.148656 #9307] FATAL -- : [4b6c38ed-c23a-440c-80e7-d32d2ec5b173] ActionController::RoutingError (No route matches [GET] "/favicon.ico"):
F, [2019-03-07T14:46:37.148704 #9307] FATAL -- : [4b6c38ed-c23a-440c-80e7-d32d2ec5b173]   
F, [2019-03-07T14:46:37.148758 #9307] FATAL -- : [4b6c38ed-c23a-440c-80e7-d32d2ec5b173] actionpack (5.2.2) lib/action_dispatch/middleware/debug_exceptions.rb:65:in `call'
[4b6c38ed-c23a-440c-80e7-d32d2ec5b173] actionpack (5.2.2) lib/action_dispatch/middleware/show_exceptions.rb:33:in `call'
[4b6c38ed-c23a-440c-80e7-d32d2ec5b173] railties (5.2.2) lib/rails/rack/logger.rb:38:in `call_app'
[4b6c38ed-c23a-440c-80e7-d32d2ec5b173] railties (5.2.2) lib/rails/rack/logger.rb:26:in `block in call'
[4b6c38ed-c23a-440c-80e7-d32d2ec5b173] activesupport (5.2.2) lib/active_support/tagged_logging.rb:71:in `block in tagged'
[4b6c38ed-c23a-440c-80e7-d32d2ec5b173] activesupport (5.2.2) lib/active_support/tagged_logging.rb:28:in `tagged'
[4b6c38ed-c23a-440c-80e7-d32d2ec5b173] activesupport (5.2.2) lib/active_support/tagged_logging.rb:71:in `tagged'
[4b6c38ed-c23a-440c-80e7-d32d2ec5b173] railties (5.2.2) lib/rails/rack/logger.rb:26:in `call'
[4b6c38ed-c23a-440c-80e7-d32d2ec5b173] actionpack (5.2.2) lib/action_dispatch/middleware/remote_ip.rb:81:in `call'
[4b6c38ed-c23a-440c-80e7-d32d2ec5b173] actionpack (5.2.2) lib/action_dispatch/middleware/request_id.rb:27:in `call'
[4b6c38ed-c23a-440c-80e7-d32d2ec5b173] rack (2.0.6) lib/rack/method_override.rb:22:in `call'
[4b6c38ed-c23a-440c-80e7-d32d2ec5b173] rack (2.0.6) lib/rack/runtime.rb:22:in `call'
[4b6c38ed-c23a-440c-80e7-d32d2ec5b173] activesupport (5.2.2) lib/active_support/cache/strategy/local_cache_middleware.rb:29:in `call'
[4b6c38ed-c23a-440c-80e7-d32d2ec5b173] actionpack (5.2.2) lib/action_dispatch/middleware/executor.rb:14:in `call'
[4b6c38ed-c23a-440c-80e7-d32d2ec5b173] rack (2.0.6) lib/rack/sendfile.rb:111:in `call'
[4b6c38ed-c23a-440c-80e7-d32d2ec5b173] railties (5.2.2) lib/rails/engine.rb:524:in `call'
[4b6c38ed-c23a-440c-80e7-d32d2ec5b173] puma (3.12.0) lib/puma/configuration.rb:225:in `call'
[4b6c38ed-c23a-440c-80e7-d32d2ec5b173] puma (3.12.0) lib/puma/server.rb:658:in `handle_request'
[4b6c38ed-c23a-440c-80e7-d32d2ec5b173] puma (3.12.0) lib/puma/server.rb:472:in `process_client'
[4b6c38ed-c23a-440c-80e7-d32d2ec5b173] puma (3.12.0) lib/puma/server.rb:332:in `block in run'
[4b6c38ed-c23a-440c-80e7-d32d2ec5b173] puma (3.12.0) lib/puma/thread_pool.rb:133:in `block in spawn_thread'
